<?xml version="1.0" encoding="UTF-8"?>
<!-- Generated by org.testng.reporters.JUnitReportReporter -->
<testsuite hostname="DESKTOP-JTCIL9C" failures="0" tests="4" name="ixigo.TestCases" time="15.388" errors="0" timestamp="2024-01-27T18:40:07 IST" skipped="0">
  <testcase classname="ixigo.TestCases" name="Test1" time="9.988"/>
  <testcase classname="ixigo.TestCases" name="Test2" time="1.171"/>
  <testcase classname="ixigo.TestCases" name="Test3" time="4.158"/>
  <testcase classname="ixigo.TestCases" name="Test4" time="0.071"/>
</testsuite> <!-- ixigo.TestCases -->
