<?xml version="1.0" encoding="UTF-8"?>
<!-- Generated by org.testng.reporters.JUnitReportReporter -->
<testsuite hostname="DESKTOP-JTCIL9C" failures="0" tests="1" name="ixigo.alerts" time="24.951" errors="0" timestamp="2024-01-27T19:26:38 IST" skipped="0">
  <testcase classname="ixigo.alerts" name="alertCheck" time="24.951"/>
</testsuite> <!-- ixigo.alerts -->
