<?xml version="1.0" encoding="UTF-8"?>
<!-- Generated by org.testng.reporters.JUnitReportReporter -->
<testsuite hostname="DESKTOP-JTCIL9C" failures="0" tests="1" name="ixigo.ActionsCheck" time="9.901" errors="0" timestamp="2024-01-27T20:39:54 IST" skipped="0">
  <testcase classname="ixigo.ActionsCheck" name="Checkaction" time="9.901"/>
</testsuite> <!-- ixigo.ActionsCheck -->
